<?xml version="1.0" encoding="UTF-8"?>
<testsuite name="com.ApiNoticias.APINoticias_Backend.ServiceUsuarioTest" tests="8" skipped="0" failures="0" errors="0" timestamp="2024-12-05T19:38:50" hostname="fedora" time="2.257">
  <properties/>
  <testcase name="testGetallUsuarioThrowsError()" classname="com.ApiNoticias.APINoticias_Backend.ServiceUsuarioTest" time="2.142"/>
  <testcase name="testGetallUsuarioEmptyResult()" classname="com.ApiNoticias.APINoticias_Backend.ServiceUsuarioTest" time="0.019"/>
  <testcase name="testSetUsuarioSuccessful()" classname="com.ApiNoticias.APINoticias_Backend.ServiceUsuarioTest" time="0.012"/>
  <testcase name="testSetUsuarioWithNullValues()" classname="com.ApiNoticias.APINoticias_Backend.ServiceUsuarioTest" time="0.008"/>
  <testcase name="testUpdateUsuarioWithPartialValues()" classname="com.ApiNoticias.APINoticias_Backend.ServiceUsuarioTest" time="0.011"/>
  <testcase name="testGetallUsuarioSuccessful()" classname="com.ApiNoticias.APINoticias_Backend.ServiceUsuarioTest" time="0.007"/>
  <testcase name="testUpdateUsuarioSuccessful()" classname="com.ApiNoticias.APINoticias_Backend.ServiceUsuarioTest" time="0.007"/>
  <testcase name="testSetUsuarioThrowsError()" classname="com.ApiNoticias.APINoticias_Backend.ServiceUsuarioTest" time="0.009"/>
  <system-out><![CDATA[]]></system-out>
  <system-err><![CDATA[WARNING: A Java agent has been loaded dynamically (/home/alfredo/.gradle/caches/modules-2/files-2.1/net.bytebuddy/byte-buddy-agent/1.14.19/154da3a65b4f4a909d3e5bdec55d1b2b4cbb6ce1/byte-buddy-agent-1.14.19.jar)
WARNING: If a serviceability tool is in use, please run with -XX:+EnableDynamicAgentLoading to hide this warning
WARNING: If a serviceability tool is not in use, please run with -Djdk.instrument.traceUsage for more information
WARNING: Dynamic loading of agents will be disallowed by default in a future release
]]></system-err>
</testsuite>
